<?xml version="1.0" encoding="UTF-8"?>
<!-- Generated by org.testng.reporters.JUnitReportReporter -->
<testsuite hostname="QT-INNO-LT1626" failures="0" tests="1" name="testCases.contact" time="6.124" errors="0" timestamp="2022-11-16T14:48:21 IST" skipped="0">
  <testcase classname="testCases.contact" name="contactModule" time="6.124"/>
  <system-out/>
</testsuite> <!-- testCases.contact -->
