<?xml version="1.0" encoding="UTF-8"?>
<!-- Generated by org.testng.reporters.JUnitReportReporter -->
<testsuite hostname="QT-INNO-LT1626" failures="0" tests="1" name="testCases.makeAnOrder" time="11.220" errors="0" timestamp="2022-11-16T14:53:08 IST" skipped="0">
  <testcase classname="testCases.makeAnOrder" name="order" time="11.220"/>
  <system-out/>
</testsuite> <!-- testCases.makeAnOrder -->
