<?xml version="1.0" encoding="UTF-8"?>
<!-- Generated by org.testng.reporters.JUnitReportReporter -->
<testsuite hostname="QT-INNO-LT1626" failures="0" tests="1" name="testCases.logIn" time="6.623" errors="0" timestamp="2022-11-16T14:41:53 IST" skipped="0">
  <testcase classname="testCases.logIn" name="logInModule" time="6.623"/>
  <system-out/>
</testsuite> <!-- testCases.logIn -->
